  Building 'AssaultCube_ac' with toolset 'WindowsKernelModeDriver10.0' and the 'Universal' target platform.
  Stamping x64\Debug\AssaultCube_ac.inf
  Stamping [Version] section with DriverVer=09/13/2024,14.31.2.729
  Driver.c
C:\Users\ubin\Desktop\AssaultCube_ac\AssaultCube_ac\Driver.c(292,12): warning C4133: '함수': 'ULONG *'과(와) 'PSIZE_T' 사이의 형식이 호환되지 않습니다.
C:\Users\ubin\Desktop\AssaultCube_ac\AssaultCube_ac\Driver.c(300,17): warning C4033: 'ListDllsInProcess'은(는) 값을 반환해야 합니다.
C:\Users\ubin\Desktop\AssaultCube_ac\AssaultCube_ac\Driver.c(303,109): warning C4133: '함수': 'ULONG *'과(와) 'PSIZE_T' 사이의 형식이 호환되지 않습니다.
C:\Users\ubin\Desktop\AssaultCube_ac\AssaultCube_ac\Driver.c(325,1): warning C4715: 'ListDllsInProcess': 모든 제어 경로에서 값을 반환하지는 않습니다.
  AssaultCube_ac.vcxproj -> C:\Users\ubin\Desktop\AssaultCube_ac\x64\Debug\AssaultCube_ac.sys
  Done Adding Additional Store
  Successfully signed: C:\Users\ubin\Desktop\AssaultCube_ac\x64\Debug\AssaultCube_ac.sys
  
  Driver is 'Universal'.
  ........................
  Signability test complete.
  
  Errors:
  None
  
  Warnings:
  None
  
  Catalog generation complete.
  C:\Users\ubin\Desktop\AssaultCube_ac\x64\Debug\AssaultCube_ac\assaultcube_ac.cat
  Done Adding Additional Store
  Successfully signed: C:\Users\ubin\Desktop\AssaultCube_ac\x64\Debug\AssaultCube_ac\assaultcube_ac.cat
  
